2025-02-08 19:17:07,439 - ETL_Pipeline - INFO - Loading Data...
2025-02-08 19:17:07,440 - ETL_Pipeline - INFO - Extracting: DataScience_salaries_2024.csv
2025-02-08 19:17:07,612 - ETL_Pipeline - INFO - Extracted 14838
2025-02-08 19:25:07,370 - Pipeline - INFO - Loading Data...
2025-02-08 19:25:07,372 - Pipeline - INFO - Extracting: data/DataScience_salaries_2024.csv
2025-02-08 19:25:07,451 - Pipeline - INFO - Extracted 14838
2025-02-08 19:40:24,070 - Pipeline - INFO - Starting pipeline...
2025-02-08 19:40:24,071 - Pipeline - INFO - Extracting: data/DataScience_salaries_2024.csv
2025-02-08 19:40:24,158 - Pipeline - INFO - Extracted 14838
2025-02-08 19:40:24,159 - Pipeline - INFO - Data Preprocessing...
2025-02-08 19:40:24,160 - Pipeline - ERROR - Failed to preprocess the data: 'categorical_columns'
2025-02-08 19:40:24,161 - Pipeline - ERROR - Failed in the pipline process 'categorical_columns'
2025-02-08 19:41:55,866 - Pipeline - INFO - Starting pipeline...
2025-02-08 19:41:55,867 - Pipeline - INFO - Extracting: data/DataScience_salaries_2024.csv
2025-02-08 19:41:55,944 - Pipeline - INFO - Extracted 14838
2025-02-08 19:41:55,945 - Pipeline - INFO - Data Preprocessing...
2025-02-08 19:41:55,946 - Pipeline - ERROR - Failed to preprocess the data: 'categorical_columns'
2025-02-08 19:41:55,947 - Pipeline - ERROR - Failed in the pipline process 'categorical_columns'
2025-02-08 19:43:32,881 - Pipeline - INFO - Starting pipeline...
2025-02-08 19:43:32,882 - Pipeline - INFO - Extracting: data/DataScience_salaries_2024.csv
2025-02-08 19:43:32,957 - Pipeline - INFO - Extracted 14838
2025-02-08 19:43:32,958 - Pipeline - INFO - Data Preprocessing...
2025-02-08 19:44:05,221 - Pipeline - INFO - Starting pipeline...
2025-02-08 19:44:05,222 - Pipeline - INFO - Extracting: data/DataScience_salaries_2024.csv
2025-02-08 19:44:05,293 - Pipeline - INFO - Extracted 14838
2025-02-08 19:44:05,294 - Pipeline - INFO - Data Preprocessing...
2025-02-08 19:44:29,756 - Pipeline - INFO - Starting pipeline...
2025-02-08 19:44:29,757 - Pipeline - INFO - Extracting: data/DataScience_salaries_2024.csv
2025-02-08 19:44:29,832 - Pipeline - INFO - Extracted 14838
2025-02-08 19:44:29,833 - Pipeline - INFO - Data Preprocessing...
2025-02-08 19:44:53,021 - Pipeline - INFO - Starting pipeline...
2025-02-08 19:44:53,022 - Pipeline - INFO - Extracting: data/DataScience_salaries_2024.csv
2025-02-08 19:44:53,099 - Pipeline - INFO - Extracted 14838
2025-02-08 19:44:53,100 - Pipeline - INFO - Data Preprocessing...
2025-02-08 19:44:53,112 - Pipeline - ERROR - Failed to preprocess the data: unhashable type: 'list'
2025-02-08 19:44:53,113 - Pipeline - ERROR - Failed in the pipline process unhashable type: 'list'
2025-02-08 19:45:42,223 - Pipeline - INFO - Starting pipeline...
2025-02-08 19:45:42,223 - Pipeline - INFO - Extracting: data/DataScience_salaries_2024.csv
2025-02-08 19:45:42,302 - Pipeline - INFO - Extracted 14838
2025-02-08 19:45:42,303 - Pipeline - INFO - Data Preprocessing...
2025-02-08 19:46:49,525 - Pipeline - INFO - Starting pipeline...
2025-02-08 19:46:49,526 - Pipeline - INFO - Extracting: data/DataScience_salaries_2024.csv
2025-02-08 19:46:49,596 - Pipeline - INFO - Extracted 14838
2025-02-08 19:46:49,597 - Pipeline - INFO - Data Preprocessing...
2025-02-08 20:03:55,076 - Pipeline - INFO - Starting pipeline...
2025-02-08 20:03:55,077 - Pipeline - INFO - Extracting: data/DataScience_salaries_2024.csv
2025-02-08 20:03:55,163 - Pipeline - INFO - Extracted 14838
2025-02-08 20:03:55,164 - Pipeline - INFO - Data Preprocessing...
2025-02-08 20:05:00,689 - Pipeline - INFO - Starting pipeline...
2025-02-08 20:05:00,690 - Pipeline - INFO - Extracting: data/DataScience_salaries_2024.csv
2025-02-08 20:05:00,763 - Pipeline - INFO - Extracted 14838
2025-02-08 20:05:00,764 - Pipeline - INFO - Data Preprocessing...
2025-02-08 20:05:00,802 - Pipeline - INFO - Model Training...
2025-02-08 20:05:02,321 - Pipeline - INFO - Model Training Complete! R Score: 0.9759
2025-02-10 18:10:22,657 - Pipeline - INFO - Starting pipeline...
2025-02-10 18:10:22,659 - Pipeline - INFO - Extracting: data/DataScience_salaries_2024.csv
2025-02-10 18:10:22,750 - Pipeline - INFO - Extracted 14838
2025-02-10 18:10:22,763 - Pipeline - INFO - Data Preprocessing...
2025-02-10 18:10:22,784 - Pipeline - INFO - Model Training...
2025-02-10 18:10:23,780 - Pipeline - INFO - Model Training Complete! R Score: 0.9759
2025-02-10 18:10:23,871 - Pipeline - INFO - Pipeline completed successfully!
2025-02-10 18:14:43,483 - Pipeline - INFO - Starting pipeline...
2025-02-10 18:14:43,483 - Pipeline - INFO - Extracting: data/DataScience_salaries_2024.csv
2025-02-10 18:14:43,538 - Pipeline - INFO - Extracted 14838
2025-02-10 18:14:43,551 - Pipeline - INFO - Data Preprocessing...
2025-02-10 18:14:43,577 - Pipeline - INFO - Model Training...
2025-02-10 18:14:44,434 - Pipeline - INFO - Model Training Complete! R Score: 0.9759
2025-02-10 18:14:44,504 - Pipeline - INFO - Pipeline completed successfully!
2025-02-10 18:23:12,221 - Pipeline - INFO - Starting pipeline...
2025-02-10 18:23:12,221 - Pipeline - INFO - Extracting: data/DataScience_salaries_2024.csv
2025-02-10 18:23:12,272 - Pipeline - INFO - Extracted 14838
2025-02-10 18:23:12,284 - Pipeline - INFO - Data Preprocessing...
2025-02-10 18:23:12,306 - Pipeline - INFO - Model Training...
2025-02-10 18:23:13,115 - Pipeline - INFO - Model Training Complete! R Score: 0.9759
2025-02-10 18:23:13,188 - Pipeline - INFO - Pipeline completed successfully!
